  Graph.cpp
c:\users\eugen\source\repos\ads_praktikum\ads_praktikum\aufgabe_4\graph.cpp(19): warning C4018: '<': signed/unsigned mismatch
c:\users\eugen\source\repos\ads_praktikum\ads_praktikum\aufgabe_4\graph.cpp(56): warning C4018: '<': signed/unsigned mismatch
c:\users\eugen\source\repos\ads_praktikum\ads_praktikum\aufgabe_4\graph.cpp(57): warning C4018: '<': signed/unsigned mismatch
c:\users\eugen\source\repos\ads_praktikum\ads_praktikum\aufgabe_4\graph.cpp(98): warning C4018: '<': signed/unsigned mismatch
c:\users\eugen\source\repos\ads_praktikum\ads_praktikum\aufgabe_4\graph.cpp(171): warning C4018: '<': signed/unsigned mismatch
c:\users\eugen\source\repos\ads_praktikum\ads_praktikum\aufgabe_4\graph.cpp(173): warning C4018: '<': signed/unsigned mismatch
c:\users\eugen\source\repos\ads_praktikum\ads_praktikum\aufgabe_4\graph.cpp(179): warning C4018: '<': signed/unsigned mismatch
c:\users\eugen\source\repos\ads_praktikum\ads_praktikum\aufgabe_4\graph.cpp(180): warning C4018: '<': signed/unsigned mismatch
c:\users\eugen\source\repos\ads_praktikum\ads_praktikum\aufgabe_4\graph.cpp(196): warning C4018: '<': signed/unsigned mismatch
c:\users\eugen\source\repos\ads_praktikum\ads_praktikum\aufgabe_4\graph.cpp(234): warning C4018: '<': signed/unsigned mismatch
c:\users\eugen\source\repos\ads_praktikum\ads_praktikum\aufgabe_4\graph.cpp(277): warning C4018: '<': signed/unsigned mismatch
c:\users\eugen\source\repos\ads_praktikum\ads_praktikum\aufgabe_4\graph.cpp(301): warning C4018: '<': signed/unsigned mismatch
c:\users\eugen\source\repos\ads_praktikum\ads_praktikum\aufgabe_4\graph.cpp(221): warning C4101: 'reverse': unreferenced local variable
c:\users\eugen\source\repos\ads_praktikum\ads_praktikum\aufgabe_4\graph.cpp(362): warning C4018: '<': signed/unsigned mismatch
c:\users\eugen\source\repos\ads_praktikum\ads_praktikum\aufgabe_4\graph.cpp(405): warning C4018: '<': signed/unsigned mismatch
c:\users\eugen\source\repos\ads_praktikum\ads_praktikum\aufgabe_4\graph.cpp(407): warning C4018: '<': signed/unsigned mismatch
c:\users\eugen\source\repos\ads_praktikum\ads_praktikum\aufgabe_4\graph.cpp(482): warning C4018: '<': signed/unsigned mismatch
c:\users\eugen\source\repos\ads_praktikum\ads_praktikum\aufgabe_4\graph.cpp(524): warning C4101: 'sets': unreferenced local variable
c:\users\eugen\source\repos\ads_praktikum\ads_praktikum\aufgabe_4\graph.cpp(670): warning C4018: '<': signed/unsigned mismatch
  Aufgabe_4.vcxproj -> C:\Users\Eugen\source\repos\ADS_Praktikum\ADS_Praktikum\Debug\Aufgabe_4.exe
